2024/03/12 09:32:21 main.go:46: Server is running on port 8080...
2024/03/12 09:32:33 logger.go:21: Data retrieved successfully
2024/03/12 09:32:36 logger.go:21: Data retrieved successfully
2024/03/12 09:32:37 logger.go:21: Data retrieved successfully
2024/03/12 09:37:08 logger.go:27: [Mar 12 09:37:08] Data inserted: {ID:HTYMBUuQ Name:john 3 Email:john@example.com Message:Hello2 World! Status:true}
2024/03/12 09:37:08 logger.go:21: Data inserted successfully
2024/03/12 09:37:21 logger.go:21: Data retrieved successfully
2024/03/12 09:38:01 logger.go:27: No document found with ID: HTYMBUuQ
2024/03/12 09:39:30 logger.go:27: [Mar 12 09:39:30] Data updated: {ID:HTYMBUuQ Name:john 3 Email:john3@example.com Message:Hello2 World! Status:true}
2024/03/12 09:39:30 logger.go:21: Data updated successfully
2024/03/12 09:39:38 logger.go:27: No document found with ID: HTYMBUuQ
2024/03/12 09:39:50 logger.go:27: No document found with ID: HTYMBUuQ
2024/03/12 09:39:51 logger.go:27: No document found with ID: HTYMBUuQ
2024/03/12 09:39:55 logger.go:27: No document found with ID: HTYMBUuQ
2024/03/12 09:39:56 logger.go:27: No document found with ID: HTYMBUuQ
2024/03/12 09:39:58 logger.go:27: No document found with ID: HTYMBUuQ
2024/03/12 09:53:27 main.go:52: Server is running on port 8080...
2024/03/12 09:53:33 logger.go:21: Data retrieved successfully
2024/03/12 09:53:36 logger.go:21: Data retrieved successfully
2024/03/12 10:06:22 logger.go:21: Data retrieved successfully
2024/03/12 10:06:22 logger.go:21: Data retrieved successfully
2024/03/12 10:40:19 main.go:52: Server is running on port 8080...
2024/03/12 10:40:27 logger.go:21: Data retrieved successfully
2024/03/12 10:40:30 logger.go:21: Data retrieved successfully
2024/03/12 10:41:09 logger.go:27: [Mar 12 10:41:09] Data deleted with ID: HTYMBUuQ
2024/03/12 10:41:09 logger.go:21: Data deleted successfully
2024/03/12 10:41:25 logger.go:21: Data retrieved successfully
2024/03/12 10:41:33 logger.go:21: Data retrieved successfully
2024/03/12 10:41:39 logger.go:21: Data retrieved successfully
2024/03/12 10:41:40 logger.go:21: Data retrieved successfully
2024/03/12 10:53:40 logger.go:21: Data retrieved successfully
2024/03/12 11:11:39 logger.go:21: Data retrieved successfully
2024/03/12 11:20:58 logger.go:21: Data retrieved successfully
2024/03/12 11:20:59 logger.go:21: Data retrieved successfully
2024/03/12 11:21:44 logger.go:27: [Mar 12 11:21:44] Data inserted: {ID:Gt6zY2eQ Name: Email: Message: Status:true}
2024/03/12 11:21:44 logger.go:21: Data inserted successfully
2024/03/12 11:22:10 logger.go:21: Data retrieved successfully
2024/03/12 11:42:30 logger.go:27: [Mar 12 11:42:30] Data inserted: {ID:NwY56jpj Name: Email: Message: Status:true}
2024/03/12 11:42:30 logger.go:21: Data inserted successfully
2024/03/12 11:42:31 logger.go:27: [Mar 12 11:42:31] Data inserted: {ID:c4kwnpGs Name: Email: Message: Status:true}
2024/03/12 11:42:31 logger.go:21: Data inserted successfully
2024/03/12 11:42:31 logger.go:27: [Mar 12 11:42:31] Data inserted: {ID:4NvEQRlf Name: Email: Message: Status:true}
2024/03/12 11:42:31 logger.go:21: Data inserted successfully
2024/03/12 11:42:33 logger.go:21: Data retrieved successfully
2024/03/12 11:48:59 logger.go:27: [Mar 12 11:48:59] Data inserted: {ID:nZzmVpFn Name:Rachakonda Dharmendra Email:rachakondadharmendrainfo@gmail.com Message:Hello world Status:true}
2024/03/12 11:48:59 logger.go:21: Data inserted successfully
2024/03/12 11:49:03 logger.go:21: Data retrieved successfully
2024/03/12 11:51:48 logger.go:27: [Mar 12 11:51:48] Data inserted: {ID:rTw9N4mU Name:Rachakonda Dharmendra Email:rachakondadharmendrainfo@gmail.com Message:hwy Status:true}
2024/03/12 11:51:48 logger.go:21: Data inserted successfully
2024/03/12 11:53:44 logger.go:21: Data retrieved successfully
2024/03/12 12:23:19 logger.go:27: [Mar 12 12:23:19] Data inserted: {ID:PUddgDwU Name:Rachakonda Dharmendra Email:rachakondadharmendrainfo@gmail.com Message:let's see Status:true}
2024/03/12 12:23:19 logger.go:21: Data inserted successfully
2024/03/12 12:23:25 logger.go:21: Data retrieved successfully
2024/03/12 12:38:19 logger.go:27: [Mar 12 12:38:19] Data inserted: {ID:Ut0Zu7OB Name:Rachakonda Dharmendra Email:rachakondadharmendrainfo@gmail.com Message:hhey man, wht's up

 Status:true}
2024/03/12 12:38:19 logger.go:21: Data inserted successfully
2024/03/12 12:38:25 logger.go:21: Data retrieved successfully
2024/03/12 12:40:20 logger.go:27: [Mar 12 12:40:20] Data inserted: {ID:Wp7RvGRe Name:Test Email:rachakondadharmendrainfo@gmail.com Message:This is an alternative
 Status:true}
2024/03/12 12:40:20 logger.go:21: Data inserted successfully
2024/03/12 12:49:24 logger.go:27: [Mar 12 12:49:24] Data inserted: {ID:EIYNunvZ Name:Rachakonda Dharmendra Email:rachakondadharmendrainfo@gmail.com Message:Hey, How's it's going on Status:true}
2024/03/12 12:49:24 logger.go:21: Data inserted successfully
2024/03/12 12:50:12 logger.go:27: [Mar 12 12:50:12] Data inserted: {ID:6P3mbw9L Name:Dharmendra Rachakonda Email:rachakondadharmendrainfo@gmail.com Message:THis is an test check 2alskdjfaslkfjaslkdfjasdlkfjasdlkfjasdlkfjasdlkfldaskfjaslkdfgasdlkfhasldfhalskdfjsadkjfaskdlfjaslkfaskldfjaskldfjaskldfjaskfuwoqiehflkvnalmkdfgjasdlkfjasdifjalkerfw Status:true}
2024/03/12 12:50:12 logger.go:21: Data inserted successfully
2024/03/12 12:53:15 logger.go:21: Data retrieved successfully
2024/03/12 13:00:50 logger.go:21: Data retrieved successfully
2024/03/12 13:00:57 logger.go:21: Data retrieved successfully
2024/03/12 13:00:58 logger.go:21: Data retrieved successfully
2024/03/12 13:08:09 logger.go:21: Data retrieved successfully
2024/03/12 13:08:12 logger.go:21: Data retrieved successfully
2024/03/12 13:08:26 logger.go:21: Data retrieved successfully
2024/03/12 13:08:34 logger.go:21: Data retrieved successfully
2024/03/12 13:08:44 logger.go:21: Data retrieved successfully
2024/03/12 13:08:46 logger.go:21: Data retrieved successfully
2024/03/12 13:09:48 logger.go:21: Data retrieved successfully
2024/03/12 13:10:29 logger.go:21: Data retrieved successfully
2024/03/12 13:10:37 logger.go:21: Data retrieved successfully
2024/03/12 13:30:52 logger.go:21: Data retrieved successfully
2024/03/12 13:30:53 logger.go:21: Data retrieved successfully
2024/03/12 13:30:54 logger.go:21: Data retrieved successfully
2024/03/12 13:30:55 logger.go:21: Data retrieved successfully
2024/03/12 13:30:56 logger.go:21: Data retrieved successfully
2024/03/12 13:30:57 logger.go:21: Data retrieved successfully
2024/03/12 13:30:59 logger.go:21: Data retrieved successfully
2024/03/12 13:31:07 logger.go:21: Data retrieved successfully
2024/03/12 13:31:08 logger.go:21: Data retrieved successfully
2024/03/12 13:33:39 logger.go:21: Data retrieved successfully
2024/03/12 13:33:51 logger.go:21: Data retrieved successfully
2024/03/12 13:33:52 logger.go:21: Data retrieved successfully
2024/03/12 13:47:42 logger.go:21: Data retrieved successfully
2024/03/12 13:47:43 logger.go:21: Data retrieved successfully
2024/03/12 13:56:43 logger.go:21: Data retrieved successfully
2024/03/12 13:56:43 logger.go:21: Data retrieved successfully
2024/03/12 13:56:44 logger.go:21: Data retrieved successfully
2024/03/12 13:56:49 logger.go:21: Data retrieved successfully
2024/03/12 13:56:50 logger.go:21: Data retrieved successfully
2024/03/12 13:59:37 logger.go:21: Data retrieved successfully
2024/03/12 13:59:39 logger.go:21: Data retrieved successfully
2024/03/12 14:02:36 logger.go:21: Data retrieved successfully
2024/03/12 14:02:37 logger.go:21: Data retrieved successfully
2024/03/12 14:02:46 logger.go:21: Data retrieved successfully
2024/03/12 14:03:09 logger.go:21: Data retrieved successfully
2024/03/12 14:03:13 logger.go:21: Data retrieved successfully
2024/03/12 14:11:21 logger.go:21: Data retrieved successfully
2024/03/12 14:11:21 logger.go:21: Data retrieved successfully
2024/03/12 14:12:42 logger.go:21: Data retrieved successfully
2024/03/12 14:12:43 logger.go:21: Data retrieved successfully
2024/03/12 14:18:58 logger.go:21: Data retrieved successfully
2024/03/12 14:18:58 logger.go:21: Data retrieved successfully
2024/03/12 14:24:36 logger.go:21: Data retrieved successfully
2024/03/12 14:24:36 logger.go:21: Data retrieved successfully
2024/03/12 14:25:56 logger.go:21: Data retrieved successfully
2024/03/12 14:25:57 logger.go:21: Data retrieved successfully
2024/03/12 14:29:51 logger.go:21: Data retrieved successfully
2024/03/12 14:30:02 logger.go:21: Data retrieved successfully
2024/03/12 14:30:02 logger.go:21: Data retrieved successfully
2024/03/12 14:30:46 logger.go:21: Data retrieved successfully
2024/03/12 14:30:48 logger.go:21: Data retrieved successfully
2024/03/12 14:30:55 logger.go:21: Data retrieved successfully
2024/03/12 14:32:36 logger.go:21: Data retrieved successfully
2024/03/12 14:32:38 logger.go:21: Data retrieved successfully
2024/03/12 14:33:22 logger.go:21: Data retrieved successfully
2024/03/12 14:33:27 logger.go:21: Data retrieved successfully
2024/03/12 14:37:03 logger.go:21: Data retrieved successfully
2024/03/12 14:37:57 logger.go:27: [Mar 12 14:37:57] Data updated: {ID:dBGldf2S Name:john 3 Email:john3@example.com Message:Hello2 World! Status:false}
2024/03/12 14:37:57 logger.go:21: Data updated successfully
2024/03/12 14:38:05 logger.go:21: Data retrieved successfully
2024/03/12 14:38:05 logger.go:21: Data retrieved successfully
2024/03/12 14:44:41 logger.go:21: Data retrieved successfully
2024/03/12 14:45:45 logger.go:21: Data retrieved successfully
2024/03/12 14:45:46 logger.go:21: Data retrieved successfully
2024/03/12 14:45:52 logger.go:21: Data retrieved successfully
2024/03/12 14:45:52 logger.go:21: Data retrieved successfully
2024/03/12 14:52:19 main.go:59: Server is running on port 8080...
2024/03/12 14:52:32 logger.go:21: Data retrieved successfully
2024/03/12 14:52:32 logger.go:21: Data retrieved successfully
2024/03/12 15:13:23 main.go:61: Server is running on port 8080...
2024/03/12 15:13:48 logger.go:27: [Mar 12 15:13:48] Data status updated: {ID:6P3mbw9L Name:Dharmendra Rachakonda Email:rachakondadharmendrainfo@gmail.com Message:THis is an test check 2alskdjfaslkfjaslkdfjasdlkfjasdlkfjasdlkfjasdlkfldaskfjaslkdfgasdlkfhasldfhalskdfjsadkjfaskdlfjaslkfaskldfjaskldfjaskldfjaskfuwoqiehflkvnalmkdfgjasdlkfjasdifjalkerfw Status:false}
2024/03/12 15:13:48 logger.go:21: Data status updated successfully
2024/03/12 15:14:14 logger.go:21: Data retrieved successfully
2024/03/12 15:14:15 logger.go:21: Data retrieved successfully
2024/03/12 15:14:30 logger.go:27: [Mar 12 15:14:30] Data status updated: {ID:NwY56jpj Name: Email: Message: Status:false}
2024/03/12 15:14:30 logger.go:21: Data status updated successfully
2024/03/12 15:14:34 logger.go:21: Data retrieved successfully
2024/03/12 15:14:35 logger.go:21: Data retrieved successfully
2024/03/12 15:23:26 logger.go:21: Data retrieved successfully
2024/03/12 15:23:41 logger.go:21: Data retrieved successfully
2024/03/12 15:25:44 logger.go:21: Data retrieved successfully
2024/03/12 15:26:46 logger.go:21: Data retrieved successfully
2024/03/12 15:27:28 logger.go:21: Data retrieved successfully
2024/03/12 15:27:28 logger.go:21: Data retrieved successfully
2024/03/12 15:36:09 logger.go:21: Data retrieved successfully
2024/03/12 15:36:18 logger.go:21: Data retrieved successfully
2024/03/12 15:36:18 logger.go:21: Data retrieved successfully
2024/03/12 15:38:41 main.go:61: Server is running on port 8080...
2024/03/12 15:38:49 logger.go:21: Data retrieved successfully
2024/03/12 15:38:49 logger.go:21: Data retrieved successfully
2024/03/12 15:51:02 main.go:61: Server is running on port 8080...
2024/03/12 15:51:14 main.go:61: Server is running on port 8080...
2024/03/12 15:51:37 logger.go:21: Data retrieved successfully
2024/03/12 15:51:38 logger.go:21: Data retrieved successfully
2024/03/12 15:53:28 logger.go:21: Data retrieved successfully
2024/03/12 15:53:29 logger.go:21: Data retrieved successfully
2024/03/12 16:31:32 main.go:52: Server is running on port 8080...
2024/03/12 16:31:44 logger.go:27: [Mar 12 16:31:44] Data inserted: {ID:NGRNqmvB Name:Rachakonda Dharmendra Email:rachakondadharmendrainfo@gmail.com Message:The Southwest US is a land of dramatic landscapes, rich history, and vibrant cultures. Here are some of the most beautiful places to visit on a November road trip:

* **Zion National Park, Utah:**  Zion boasts towering sandstone cliffs, emerald rivers, and cascading waterfalls.  The park is less crowded in November, and the cooler temperatures make hiking more enjoyable.  You can hike The Narrows, a slot canyon carved by the Virgin River, or take in the views from Canyon Overlook Trail.
[Image of Zion National Park, Utah]
* **Bryce Canyon National Park, Utah:**  Bryce Canyon is famous for its hoodoos, unique spire-shaped rock formations.  In November, there's a good chance of catching the first snowfall of the season, which dusts the red rock formations in white.  Take a scenic drive on Scenic Drive, or hike the Navajo Loop and Queen's Garden Trail for stunning views. 
[Image of Bryce Canyon National Park, Utah]
* **Monument Valley, Arizona/Utah:** This iconic location has been featured in countless movies and TV shows.  The towering buttes and mesas are especially striking at sunrise and sunset.  You can drive through the valley yourself, or take a jeep tour with a Navajo guide to learn about the history and culture of the area.
[Image of Monument Valley, Arizona/Utah]
* **Grand Canyon National Park, Arizona:**  The Grand Canyon is one of the Seven Natural Wonders of the World, and for good reason.  The canyon is 277 miles (446 km) long, up to 18 miles (29 km) wide and attains a depth of over a mile (6,093 feet or 1,857 meters).  There are many viewpoints along the South Rim, which is open year-round.  If you're looking for a more adventurous experience, you can hike down into the canyon.
[Image of Grand Canyon National Park, Arizona]
* **Sedona, Arizona:**  Sedona is a beautiful town located amidst red rock formations.  It's a popular destination for hiking, biking, and rock climbing.  There are also many art galleries and shops in town.  In November, the weather is mild, making it a great time to enjoy the outdoors.
[Image of Sedona, Arizona]

These are just a few of the many beautiful places to visit in the Southwest US.  With its stunning scenery, rich history, and vibrant cultures, the Southwest is a great place to explore on a road trip.

Here are some additional tips for planning your road trip:

* Be sure to book your accommodations in advance, as November is a popular time to visit the Southwest US.
* Allow plenty of time for travel between destinations.  The distances between some of the parks can be quite long.
* Be sure to pack plenty of water and snacks for your hikes.
* Dress in layers, as the weather can vary depending on elevation.
* Be sure to check the weather conditions before you go, as some roads may be closed due to snow. Status:true}
2024/03/12 16:31:44 logger.go:21: Data inserted successfully
2024/03/12 16:32:00 logger.go:21: Data retrieved successfully
2024/03/12 16:32:00 logger.go:21: Data retrieved successfully
2024/03/12 16:32:18 logger.go:21: Data retrieved successfully
2024/03/12 16:32:18 logger.go:21: Data retrieved successfully
2024/03/12 16:33:48 logger.go:21: Data retrieved successfully
2024/03/12 16:33:50 logger.go:21: Data retrieved successfully
2024/03/12 16:40:52 logger.go:21: Data retrieved successfully
2024/03/12 16:41:29 logger.go:21: Data retrieved successfully
2024/03/12 16:41:29 logger.go:21: Data retrieved successfully
2024/03/12 16:43:40 logger.go:21: Data retrieved successfully
2024/03/12 16:43:41 logger.go:21: Data retrieved successfully
2024/03/12 16:49:55 logger.go:21: Data retrieved successfully
2024/03/12 16:50:17 logger.go:21: Data retrieved successfully
2024/03/12 16:50:17 logger.go:21: Data retrieved successfully
2024/03/12 16:50:45 logger.go:21: Data retrieved successfully
2024/03/12 16:50:49 logger.go:21: Data retrieved successfully
2024/03/12 16:51:01 logger.go:21: Data retrieved successfully
2024/03/12 16:51:03 logger.go:21: Data retrieved successfully
2024/03/12 16:51:10 logger.go:21: Data retrieved successfully
2024/03/12 16:51:10 logger.go:21: Data retrieved successfully
